number,value,datetime_start,datetime_complete,duration,params_colsample_bytree,params_learning_rate,params_max_depth,params_n_estimators,params_reg_alpha,params_reg_lambda,params_subsample,state
0,-0.25742634267282943,2026-09-15 18:19:34.666124,2026-09-15 18:19:34.739086,0 days 00:00:00.072962,0.7925993736309812,0.07783901332986014,7,412,0.28047180009988754,0.2477728157046024,0.9134978477687518,COMPLETE
1,-0.2364989573004006,2026-09-15 18:19:34.739086,2026-09-15 18:19:34.795086,0 days 00:00:00.056000,0.8953037842648515,0.14086230105880834,4,281,0.3862775154800296,1.0328912887466148,0.6175720950615554,COMPLETE
2,-0.2639403231077746,2026-09-15 18:19:34.795086,2026-09-15 18:19:34.872085,0 days 00:00:00.076999,0.7110512339665607,0.05820976563244092,4,398,0.4395162619859531,0.0016319249648730433,0.9350941303846712,COMPLETE
3,-0.3744283163225169,2026-09-15 18:19:34.872085,2026-09-15 18:19:34.919094,0 days 00:00:00.047009,0.6053566815640059,0.22664722733221687,8,315,3.3571058028365157,1.1845798755421535,0.5835209927669905,COMPLETE
4,-0.25761863980330263,2026-09-15 18:19:34.919094,2026-09-15 18:19:34.943085,0 days 00:00:00.023991,0.830013601555937,0.023780884139472224,2,98,0.048861226279814325,0.002500319751271757,0.6716575769962544,COMPLETE
5,-0.24204114962251863,2026-09-15 18:19:34.943085,2026-09-15 18:19:34.970088,0 days 00:00:00.027003,0.7625175663178229,0.03974387440464194,2,124,0.007449965296718298,0.03212663812545211,0.6752956502678226,COMPLETE
6,-0.2563725559544033,2026-09-15 18:19:34.970088,2026-09-15 18:19:35.054091,0 days 00:00:00.084003,0.9027511748165677,0.051603858618496964,3,448,0.3504609699379628,3.365352241960741,0.5001716181348506,COMPLETE
7,-0.25634980050759776,2026-09-15 18:19:35.054091,2026-09-15 18:19:35.102091,0 days 00:00:00.048000,0.9106622142331124,0.06614345928198062,6,205,0.3714022819580113,2.182738725606096,0.5578166901194267,COMPLETE
8,-0.6990800830121224,2026-09-15 18:19:35.102091,2026-09-15 18:19:35.171315,0 days 00:00:00.069224,0.695794848353545,0.010386986404559085,5,472,9.539047346398517,3.2685041784269466,0.5232244490857656,COMPLETE
9,-0.2386823905213018,2026-09-15 18:19:35.171315,2026-09-15 18:19:35.294529,0 days 00:00:00.123214,0.8790506736779873,0.07621744552013046,8,346,0.004424914670296432,3.431194841984967,0.5919027828280884,COMPLETE
10,-0.22744630213616254,2026-09-15 18:19:35.294529,2026-09-15 18:19:35.343219,0 days 00:00:00.048690,0.9916017015514317,0.27417727710198386,4,222,0.0010417351834286462,0.10589396084640136,0.8111433550759423,COMPLETE
11,-0.20926408721042059,2026-09-15 18:19:35.343219,2026-09-15 18:19:35.393219,0 days 00:00:00.050000,0.9906255391373828,0.2950354147995114,4,228,0.03653589619481161,0.08354364014490936,0.8248972930685136,COMPLETE
12,-0.230954895857441,2026-09-15 18:19:35.393219,2026-09-15 18:19:35.434791,0 days 00:00:00.041572,0.9991748443413471,0.2998791841460214,4,199,0.001108823039577308,0.03368984086633169,0.8166433642562576,COMPLETE
13,-0.23846305983717195,2026-09-15 18:19:35.434791,2026-09-15 18:19:35.499412,0 days 00:00:00.064621,0.979732470917081,0.15731461791521884,5,205,0.025903139266938838,0.15655153564157198,0.7939947744485434,COMPLETE
14,-0.27181010487878643,2026-09-15 18:19:35.499412,2026-09-15 18:19:35.563414,0 days 00:00:00.064002,0.5161001207301018,0.15062414979965208,3,246,0.0013842606001930908,0.010902568687865112,0.8819658667182548,COMPLETE
15,-0.24036273221469084,2026-09-15 18:19:35.563414,2026-09-15 18:19:35.608414,0 days 00:00:00.045000,0.9541727538047278,0.28909614211968726,5,160,0.011100514269630268,0.31655110170965384,0.9967755178694128,COMPLETE
16,-0.23186942196722096,2026-09-15 18:19:35.608414,2026-09-15 18:19:35.637415,0 days 00:00:00.029001,0.8354323770896223,0.11701163127051835,3,60,0.09267299709896772,0.04910525595935756,0.7659805388722812,COMPLETE
17,-0.23485774062224807,2026-09-15 18:19:35.637415,2026-09-15 18:19:35.692414,0 days 00:00:00.054999,0.9486551368738261,0.20947398344630203,6,258,0.002937777992742635,0.008101717300610881,0.8411516726766602,COMPLETE
18,-0.27912205418261515,2026-09-15 18:19:35.692414,2026-09-15 18:19:35.775413,0 days 00:00:00.082999,0.6401513130280732,0.11117480505189554,6,343,0.017413002589792868,0.496892677506576,0.7201926429541273,COMPLETE
19,-0.3194372907397414,2026-09-15 18:19:35.775413,2026-09-15 18:19:35.821051,0 days 00:00:00.045638,0.9997487420586929,0.026259484435514322,4,153,1.855972638497432,0.09716473072454879,0.7353251766262854,COMPLETE
20,-0.2641439654437461,2026-09-15 18:19:35.821051,2026-09-15 18:19:35.877049,0 days 00:00:00.055998,0.8305571390451085,0.209079485952527,3,292,0.05077796756217547,0.011282471928014865,0.9812016506065173,COMPLETE
21,-0.2280165722821539,2026-09-15 18:19:35.877049,2026-09-15 18:19:35.928052,0 days 00:00:00.051003,0.9391771129003114,0.28832159979098865,4,204,0.0011368444476741017,0.04295860288580672,0.8093666962803289,COMPLETE
22,-0.23602756425315763,2026-09-15 18:19:35.928052,2026-09-15 18:19:35.978760,0 days 00:00:00.050708,0.9344909829428832,0.22052205184273976,4,232,0.0025578778357963753,0.07800421886260892,0.8579262896574567,COMPLETE
23,-0.2250815804172631,2026-09-15 18:19:35.978760,2026-09-15 18:19:36.021759,0 days 00:00:00.042999,0.8639003103872683,0.290201126812499,5,161,0.0010546485268048155,0.019374685128442443,0.7846164234670377,COMPLETE
24,-0.233252975771165,2026-09-15 18:19:36.021759,2026-09-15 18:19:36.080759,0 days 00:00:00.059000,0.8660209698550373,0.10237789297127659,5,159,0.004377941337411579,0.0205351277190232,0.7511912504828039,COMPLETE
25,-0.24161234797486286,2026-09-15 18:19:36.080759,2026-09-15 18:19:36.120769,0 days 00:00:00.040010,0.9578402119168858,0.17295023722847955,5,113,0.006304800174958426,0.005193316709338422,0.8891754588041734,COMPLETE
26,-0.2387780055506519,2026-09-15 18:19:36.120769,2026-09-15 18:19:36.158769,0 days 00:00:00.038000,0.8550211228733472,0.18580602901248175,6,65,0.0026862342052949052,0.12618530272642742,0.701487425794275,COMPLETE
27,-0.24164753588111088,2026-09-15 18:19:36.158769,2026-09-15 18:19:36.220760,0 days 00:00:00.061991,0.7859352825736801,0.23677381014688487,7,174,0.018950955490690848,9.980460961060723,0.7838916348604521,COMPLETE
28,-0.2335065565065749,2026-09-15 18:19:36.220760,2026-09-15 18:19:36.289337,0 days 00:00:00.068577,0.9267968669671556,0.013879538522904664,3,227,0.001957926583496714,0.02037316385364228,0.8352366570629914,COMPLETE
29,-0.24785789022072457,2026-09-15 18:19:36.289337,2026-09-15 18:19:36.331621,0 days 00:00:00.042284,0.7962974737000418,0.08621139230562998,7,132,0.11313029607086941,0.32820513999184797,0.9088537985319461,COMPLETE
30,-0.23152315756955702,2026-09-15 18:19:36.331621,2026-09-15 18:19:36.401066,0 days 00:00:00.069445,0.9626089807428388,0.13415407324272344,5,302,0.16244599143459412,0.21582574081995726,0.9246930267563576,COMPLETE
31,-0.22722552434533008,2026-09-15 18:19:36.401066,2026-09-15 18:19:36.444073,0 days 00:00:00.043007,0.9243209553057788,0.29193895613528104,4,186,0.0010020579009697719,0.048077980065418,0.8067051268532431,COMPLETE
32,-0.2422671656735614,2026-09-15 18:19:36.444073,2026-09-15 18:19:36.499066,0 days 00:00:00.054993,0.9043318150490887,0.27015867612472916,4,264,0.0018773241478024067,0.06538485535801793,0.8631739869688579,COMPLETE
33,-0.2668073347351671,2026-09-15 18:19:36.499066,2026-09-15 18:19:36.542065,0 days 00:00:00.042999,0.9814394839742551,0.23886427867391513,4,182,1.1854160227779886,0.021251276551353802,0.7697118161775875,COMPLETE
34,-0.23327881699575156,2026-09-15 18:19:36.542065,2026-09-15 18:19:36.575065,0 days 00:00:00.033000,0.8940849880792447,0.17402658354569114,5,88,0.0010893117785710056,0.5600247174715514,0.8237915523966485,COMPLETE
35,-0.24519919898792997,2026-09-15 18:19:36.575065,2026-09-15 18:19:36.618064,0 days 00:00:00.042999,0.9254139007674114,0.24873531574694824,3,140,0.005472186118995544,0.003328265911805035,0.6475426012048888,COMPLETE
36,-0.22842157605807004,2026-09-15 18:19:36.618064,2026-09-15 18:19:36.664072,0 days 00:00:00.046008,0.970520066295985,0.13049093916694132,2,224,0.009798176010551172,0.11812932393447456,0.9532076966691503,COMPLETE
37,-0.2678203757419151,2026-09-15 18:19:36.664072,2026-09-15 18:19:36.722928,0 days 00:00:00.058856,0.7206516540491403,0.1875175049204671,4,329,0.003306770936572975,0.18835089806100888,0.7035272534732333,COMPLETE
38,-0.27492162883471233,2026-09-15 18:19:36.722928,2026-09-15 18:19:36.758929,0 days 00:00:00.036001,0.8054400361978723,0.2948983037376407,4,180,0.7842371913899259,0.06992479689336645,0.7930558675201544,COMPLETE
39,-0.22843010449465537,2026-09-15 18:19:36.758929,2026-09-15 18:19:36.834928,0 days 00:00:00.075999,0.8649355213492163,0.033282189430661226,2,383,0.0016452177268911914,0.001733542737538258,0.8593735646749948,COMPLETE
40,-0.23093917847865167,2026-09-15 18:19:36.834928,2026-09-15 18:19:36.919929,0 days 00:00:00.085001,0.88943220715833,0.04809255125612188,6,287,0.034254766522909756,0.025779267190875605,0.7451788868559261,COMPLETE
41,-0.22301403712039303,2026-09-15 18:19:36.919929,2026-09-15 18:19:36.965936,0 days 00:00:00.046007,0.9341736203514215,0.2602226171432614,4,203,0.0013123423098742757,0.04320241100529706,0.8045235335078215,COMPLETE
42,-0.2323709370014886,2026-09-15 18:19:36.965936,2026-09-15 18:19:37.014928,0 days 00:00:00.048992,0.9242632676793553,0.2078191566866097,3,246,0.001961807718691638,0.013298147192118729,0.7945877863291118,COMPLETE
43,-0.225724244504101,2026-09-15 18:19:37.014928,2026-09-15 18:19:37.055928,0 days 00:00:00.041000,0.9990715199525796,0.2559067839280388,5,188,0.003914147564529127,0.06941157270247486,0.8158267894884624,COMPLETE
44,-0.23653084764937826,2026-09-15 18:19:37.055928,2026-09-15 18:19:37.088934,0 days 00:00:00.033006,0.9684206182348493,0.24038128150655547,5,105,0.009255931307423818,0.03523144606535916,0.7680569414917539,COMPLETE
45,-0.23710678790904474,2026-09-15 18:19:37.088934,2026-09-15 18:19:37.129934,0 days 00:00:00.041000,0.9157676445560806,0.1596249018838776,5,190,0.0036876681540869128,0.05464507550813274,0.8940151838331217,COMPLETE
46,-0.227518533138544,2026-09-15 18:19:37.129934,2026-09-15 18:19:37.168929,0 days 00:00:00.038995,0.8828494853123492,0.20393236938249504,4,138,0.0016568072240317345,0.005895394648354213,0.8426077240232593,COMPLETE
47,-0.23374712501872505,2026-09-15 18:19:37.168929,2026-09-15 18:19:37.213928,0 days 00:00:00.044999,0.9990051301155105,0.24226150325397383,5,213,0.0010118976151774085,0.015576854382308257,0.8138595348041349,COMPLETE
48,-0.24872481122213222,2026-09-15 18:19:37.213928,2026-09-15 18:19:37.249531,0 days 00:00:00.035603,0.9498012254952505,0.2650325517489991,5,169,0.014362079016315862,0.0010114074000618066,0.8764864373164283,COMPLETE
49,-0.28376416602472393,2026-09-15 18:19:37.249531,2026-09-15 18:19:37.301523,0 days 00:00:00.051992,0.7428285897102255,0.29988066321334783,6,242,0.006618541806722053,0.029845372390302802,0.6830448849788887,COMPLETE
50,-0.2793192703073708,2026-09-15 18:19:37.301523,2026-09-15 18:19:37.346123,0 days 00:00:00.044600,0.5236173225750604,0.14074886513873028,4,194,0.05383175969024417,0.040548018163336884,0.7259141476824355,COMPLETE
51,-0.22148741362438573,2026-09-15 18:19:37.346123,2026-09-15 18:19:37.395131,0 days 00:00:00.049008,0.9844253078757805,0.2564411494413873,4,266,0.00239770651192977,0.09444996472581875,0.8123649531242494,COMPLETE
52,-0.2439360265668675,2026-09-15 18:19:37.395131,2026-09-15 18:19:37.443123,0 days 00:00:00.047992,0.9759265878309957,0.19452608010507863,3,260,0.0021885323670902093,0.08968413149025596,0.8300060478141431,COMPLETE
53,-0.2421425391017533,2026-09-15 18:19:37.443123,2026-09-15 18:19:37.492125,0 days 00:00:00.049002,0.9453781229748577,0.25537702714607197,4,271,0.004475052455338407,0.14722526422080334,0.7722627704835142,COMPLETE
54,-0.23157513538721233,2026-09-15 18:19:37.492125,2026-09-15 18:19:37.536121,0 days 00:00:00.043996,0.9803309124175326,0.21966309633612652,5,149,0.001432812370363218,0.0589951436131757,0.8110590329544412,COMPLETE
55,-0.6723143663326354,2026-09-15 18:19:37.536121,2026-09-15 18:19:37.575129,0 days 00:00:00.039008,0.9082884931035518,0.16951162351551924,4,212,9.776686117033291,0.2968558129962667,0.8504768016975812,COMPLETE
56,-0.2493298909639172,2026-09-15 18:19:37.575129,2026-09-15 18:19:37.627128,0 days 00:00:00.051999,0.8496341568199177,0.2643631219470541,3,241,0.0029818794043305085,0.47712182752215077,0.7558723345275357,COMPLETE
57,-0.26198858110831663,2026-09-15 18:19:37.627128,2026-09-15 18:19:37.672130,0 days 00:00:00.045002,0.9869969855091701,0.01971890848345106,4,121,0.21628114312283908,0.044179015414797816,0.7898443214791555,COMPLETE
58,-0.28196489935095226,2026-09-15 18:19:37.672130,2026-09-15 18:19:37.729685,0 days 00:00:00.057555,0.6499844906909646,0.06519678981607527,5,166,0.001404588004143059,0.008915199676763649,0.8029317897064251,COMPLETE
59,-0.2325026222795116,2026-09-15 18:19:37.729685,2026-09-15 18:19:37.789685,0 days 00:00:00.060000,0.9375031604361024,0.2231363700375936,6,304,0.004762182665312499,0.0876350848381725,0.8313715089443651,COMPLETE
60,-0.4672896507348194,2026-09-15 18:19:37.789685,2026-09-15 18:19:37.814690,0 days 00:00:00.025005,0.9644850831578488,0.18855888999510884,4,81,5.640227238895302,0.016256775047667815,0.8665403208429325,COMPLETE
61,-0.22574270739882538,2026-09-15 18:19:37.814690,2026-09-15 18:19:37.864845,0 days 00:00:00.050155,0.9998725768850776,0.29837054736020047,4,216,0.0010368831261175192,0.11946794993730289,0.8151264514453933,COMPLETE
62,-0.2315423552890782,2026-09-15 18:19:37.864845,2026-09-15 18:19:37.946844,0 days 00:00:00.081999,0.9942101612093273,0.29999990045566227,4,499,0.0024469311622467575,0.1727876214614648,0.7877673997889929,COMPLETE
63,-0.23903642121479315,2026-09-15 18:19:37.946844,2026-09-15 18:19:37.991314,0 days 00:00:00.044470,0.9568305973077788,0.2686897873769506,5,193,0.0013543186093571997,0.026748222100982235,0.8217882028143348,COMPLETE
64,-0.22486258824063357,2026-09-15 18:19:37.991314,2026-09-15 18:19:38.043317,0 days 00:00:00.052003,0.9435780719028081,0.21988837603218808,3,210,0.0010457498151954705,0.11392211505025085,0.7743235601521496,COMPLETE
65,-0.23237779243986798,2026-09-15 18:19:38.043317,2026-09-15 18:19:38.096313,0 days 00:00:00.052996,0.9999322289645103,0.21663416006841005,3,216,0.0037119419720966274,0.1085248062403859,0.7431368294391484,COMPLETE
66,-0.23820503073784402,2026-09-15 18:19:38.096313,2026-09-15 18:19:38.158313,0 days 00:00:00.062000,0.9404709923345257,0.15742526551943103,2,277,0.002377889858838108,0.2288474893745695,0.7764885164051464,COMPLETE
67,-0.2191816002698972,2026-09-15 18:19:38.158313,2026-09-15 18:19:38.213313,0 days 00:00:00.055000,0.9764325819246102,0.23310230505998525,3,236,0.001365374819227251,0.14687177274253657,0.7564734505139122,COMPLETE
68,-0.23389236033034153,2026-09-15 18:19:38.214314,2026-09-15 18:19:38.274898,0 days 00:00:00.060584,0.9763803787320213,0.1223032573644984,3,235,0.0016108781603864236,1.133198444578353,0.7264137106937868,COMPLETE
69,-0.22723815231055947,2026-09-15 18:19:38.274898,2026-09-15 18:19:38.339874,0 days 00:00:00.064976,0.9090492514855224,0.10072199199708592,3,252,0.008169715765123781,0.06591121416981909,0.7110337979113575,COMPLETE
70,-0.23896484540341612,2026-09-15 18:19:38.339874,2026-09-15 18:19:38.387870,0 days 00:00:00.047996,0.9556567202243155,0.23372502090901084,2,201,0.07041962684816219,0.41203610683140873,0.7542340350963025,COMPLETE
71,-0.2264632468459639,2026-09-15 18:19:38.387870,2026-09-15 18:19:38.434874,0 days 00:00:00.047004,0.9828311381352146,0.261549938130508,3,226,0.0011761069197645403,0.14052923292713593,0.8431952379812069,COMPLETE
72,-0.21903811127467487,2026-09-15 18:19:38.434874,2026-09-15 18:19:38.487762,0 days 00:00:00.052888,0.961291973602765,0.18242274352506502,4,207,0.0019258641519474136,0.08538088589148164,0.7590498473210618,COMPLETE
73,-0.23169861993702623,2026-09-15 18:19:38.487762,2026-09-15 18:19:38.534440,0 days 00:00:00.046678,0.9364206680576721,0.17242071351103094,3,201,0.002183298867830689,0.08621052175159456,0.7597412786667386,COMPLETE
74,-0.2267806882348832,2026-09-15 18:19:38.534440,2026-09-15 18:19:38.588018,0 days 00:00:00.053578,0.966502796420745,0.20380811024550224,5,177,0.003089309987145756,0.6972281630448728,0.7349418989268061,COMPLETE
75,-0.2679662923447134,2026-09-15 18:19:38.589018,2026-09-15 18:19:38.634016,0 days 00:00:00.044998,0.8162497979870807,0.2299754806277467,4,154,0.0017293388592995813,0.1829518852268159,0.7824071336263654,COMPLETE
76,-0.23630306487799313,2026-09-15 18:19:38.634016,2026-09-15 18:19:38.698017,0 days 00:00:00.064001,0.955856940273857,0.1867855570653701,4,266,0.00129484478216251,0.2480027245292801,0.7998896754179533,COMPLETE
77,-0.2337358795253912,2026-09-15 18:19:38.698017,2026-09-15 18:19:38.761016,0 days 00:00:00.062999,0.8745869464675766,0.15119896225325835,6,229,0.005637119628790206,0.054226316111534154,0.6880258009306416,COMPLETE
78,-0.2548710200421291,2026-09-15 18:19:38.761016,2026-09-15 18:19:38.817016,0 days 00:00:00.056000,0.9231633627068215,0.2505836125471921,3,254,0.002621437331736074,0.03475432656836388,0.6551473288547167,COMPLETE
79,-0.236088711626351,2026-09-15 18:19:38.817016,2026-09-15 18:19:38.866016,0 days 00:00:00.049000,0.8947845880387224,0.27407790110376606,8,173,0.013744715504728295,0.07477266495375709,0.7660768249040515,COMPLETE
80,-0.26794044912886394,2026-09-15 18:19:38.866016,2026-09-15 18:19:38.929016,0 days 00:00:00.063000,0.9856986123424695,0.21909108384324755,2,291,0.003906948158737406,0.11250661507332838,0.5789621861887243,COMPLETE
81,-0.22155505719958013,2026-09-15 18:19:38.929016,2026-09-15 18:19:38.980394,0 days 00:00:00.051378,0.9704945911411904,0.2796602901234348,4,220,0.0010430291137286459,0.12862948175264882,0.8199153097176491,COMPLETE
82,-0.22060478100166858,2026-09-15 18:19:38.980394,2026-09-15 18:19:39.032912,0 days 00:00:00.052518,0.9705963364314427,0.24821468827289656,4,208,0.02729216612325421,0.15663315006798326,0.8289034774047264,COMPLETE
83,-0.21996013788335322,2026-09-15 18:19:39.032912,2026-09-15 18:19:39.093912,0 days 00:00:00.061000,0.9699155197989923,0.19641335533328183,4,235,0.023269916842648217,0.1587277054687372,0.7790386505997563,COMPLETE
84,-0.2305564377521171,2026-09-15 18:19:39.093912,2026-09-15 18:19:39.151558,0 days 00:00:00.057646,0.9706823858616589,0.17867114213945987,4,233,0.10524570922887472,0.3013567291474744,0.8501948471721599,COMPLETE
85,-0.22618833420505624,2026-09-15 18:19:39.151558,2026-09-15 18:19:39.209558,0 days 00:00:00.058000,0.9465700120951938,0.20019909623808377,4,208,0.03443836527370747,0.1577630849923706,0.8021290382360869,COMPLETE
86,-0.24700208696864623,2026-09-15 18:19:39.209558,2026-09-15 18:19:39.271562,0 days 00:00:00.062004,0.9653273793862851,0.2366017775960002,4,247,0.034753839129932886,0.21140762912659358,0.82918798108491,COMPLETE
87,-0.2478499739648348,2026-09-15 18:19:39.271562,2026-09-15 18:19:39.335200,0 days 00:00:00.063638,0.9849902980702018,0.27749892027419326,3,281,0.025059046283022402,0.38918184414180157,0.740931370749174,COMPLETE
88,-0.23361648121701828,2026-09-15 18:19:39.335200,2026-09-15 18:19:39.398199,0 days 00:00:00.062999,0.9307625390345292,0.14377400208789823,4,220,0.018675255454315958,0.1448561125414406,0.7795777042114863,COMPLETE
89,-0.22348027350588706,2026-09-15 18:19:39.398199,2026-09-15 18:19:39.462199,0 days 00:00:00.064000,0.946871927151757,0.16483647361556236,4,261,0.06177898633519782,0.10121738264810483,0.8717728533809838,COMPLETE
90,-0.2406383927722434,2026-09-15 18:19:39.462199,2026-09-15 18:19:39.530199,0 days 00:00:00.068000,0.916490208828995,0.19606531499573265,4,308,0.07945441076408014,0.7445186964645631,0.8721187141522477,COMPLETE
91,-0.23026285966308638,2026-09-15 18:19:39.530199,2026-09-15 18:19:39.589200,0 days 00:00:00.059001,0.9452336973302097,0.21316736484605958,4,261,0.041416515329733096,0.10138720201827736,0.8958931864988017,COMPLETE
92,-0.23847263337225078,2026-09-15 18:19:39.589200,2026-09-15 18:19:39.644250,0 days 00:00:00.055050,0.9755550628604999,0.2356029886563144,4,236,0.02724559995653327,0.2463191074950535,0.8492552650587053,COMPLETE
93,-0.22855082335003285,2026-09-15 18:19:39.644250,2026-09-15 18:19:39.716554,0 days 00:00:00.072304,0.96131495824172,0.16723146707115213,4,328,0.06382347448942613,0.08172995650887187,0.9401320157141395,COMPLETE
94,-0.2274063522772555,2026-09-15 18:19:39.716554,2026-09-15 18:19:39.769551,0 days 00:00:00.052997,0.9501197124244127,0.2516171076976453,3,204,0.02851165212485711,0.14039797674838908,0.8232389233063817,COMPLETE
95,-0.23590507085523935,2026-09-15 18:19:39.769551,2026-09-15 18:19:39.829551,0 days 00:00:00.060000,0.9882475329764375,0.2806217863144407,4,272,0.14573183982259244,0.04979419172176181,0.7970515666801482,COMPLETE
96,-0.27987967094991417,2026-09-15 18:19:39.829551,2026-09-15 18:19:39.886550,0 days 00:00:00.056999,0.5753188930528644,0.18518734578774557,3,249,0.04532283011792112,0.1888114897854397,0.761176830188045,COMPLETE
97,-0.24836265501574226,2026-09-15 18:19:39.886550,2026-09-15 18:19:39.944548,0 days 00:00:00.057998,0.9328691338336437,0.08149493091734943,4,222,0.5613062526918358,1.7251172088793614,0.8868203633910648,COMPLETE
98,-0.23552599179964248,2026-09-15 18:19:39.944548,2026-09-15 18:19:40.010549,0 days 00:00:00.066001,0.9738945728373317,0.03635114822888469,4,186,0.0017219520754640403,0.09977451940495038,0.834767095893498,COMPLETE
99,-0.2300732085525081,2026-09-15 18:19:40.010549,2026-09-15 18:19:40.064548,0 days 00:00:00.053999,0.9172060539541407,0.22346642356089033,3,208,0.02227471831446437,0.061347706107467266,0.8562130169323068,COMPLETE
