number,value,datetime_start,datetime_complete,duration,params_max_depth,params_min_samples_leaf,params_min_samples_split,params_n_estimators,state
0,-0.2930807721328949,2026-09-15 18:17:30.845845,2026-09-15 18:17:31.662865,0 days 00:00:00.817020,17,5,7,412,COMPLETE
1,-0.25561657933593457,2026-09-15 18:17:31.662865,2026-09-15 18:17:32.319407,0 days 00:00:00.656542,13,3,7,313,COMPLETE
2,-0.2663387347078803,2026-09-15 18:17:32.320483,2026-09-15 18:17:32.772663,0 days 00:00:00.452180,16,4,4,205,COMPLETE
3,-0.2658569545226812,2026-09-15 18:17:32.772663,2026-09-15 18:17:33.467811,0 days 00:00:00.695148,16,2,8,341,COMPLETE
4,-0.267489636702038,2026-09-15 18:17:33.467811,2026-09-15 18:17:34.086412,0 days 00:00:00.618601,18,4,5,283,COMPLETE
5,-0.2947128688927676,2026-09-15 18:17:34.086412,2026-09-15 18:17:34.275127,0 days 00:00:00.188715,13,5,10,73,COMPLETE
6,-0.279641527019693,2026-09-15 18:17:34.275127,2026-09-15 18:17:34.557674,0 days 00:00:00.282547,6,4,9,125,COMPLETE
7,-0.2541865824714547,2026-09-15 18:17:34.557674,2026-09-15 18:17:34.778508,0 days 00:00:00.220834,2,2,4,98,COMPLETE
8,-0.23929612478830062,2026-09-15 18:17:34.778508,2026-09-15 18:17:35.477566,0 days 00:00:00.699058,10,1,2,347,COMPLETE
9,-0.2505664375095452,2026-09-15 18:17:35.477566,2026-09-15 18:17:35.725189,0 days 00:00:00.247623,9,3,5,107,COMPLETE
10,-0.24049586628871453,2026-09-15 18:17:35.725189,2026-09-15 18:17:36.656412,0 days 00:00:00.931223,7,1,2,449,COMPLETE
11,-0.2403533210622049,2026-09-15 18:17:36.656916,2026-09-15 18:17:37.634233,0 days 00:00:00.977317,8,1,2,490,COMPLETE
12,-0.2403938282347208,2026-09-15 18:17:37.634233,2026-09-15 18:17:38.583578,0 days 00:00:00.949345,10,1,2,488,COMPLETE
13,-0.24886982266907479,2026-09-15 18:17:38.583578,2026-09-15 18:17:39.384910,0 days 00:00:00.801332,3,1,3,399,COMPLETE
14,-0.23517296192562043,2026-09-15 18:17:39.384910,2026-09-15 18:17:39.841226,0 days 00:00:00.456316,6,2,2,216,COMPLETE
15,-0.2353869753804222,2026-09-15 18:17:39.841226,2026-09-15 18:17:40.311318,0 days 00:00:00.470092,5,2,3,221,COMPLETE
16,-0.23565373527609934,2026-09-15 18:17:40.311318,2026-09-15 18:17:40.761246,0 days 00:00:00.449928,4,2,4,206,COMPLETE
17,-0.2350161236570875,2026-09-15 18:17:40.761246,2026-09-15 18:17:41.208020,0 days 00:00:00.446774,5,2,3,210,COMPLETE
18,-0.2468136281372515,2026-09-15 18:17:41.208020,2026-09-15 18:17:41.732888,0 days 00:00:00.524868,12,3,6,245,COMPLETE
19,-0.23336923237473037,2026-09-15 18:17:41.732888,2026-09-15 18:17:42.074080,0 days 00:00:00.341192,6,2,3,150,COMPLETE
20,-0.24556723930730606,2026-09-15 18:17:42.074080,2026-09-15 18:17:42.445781,0 days 00:00:00.371701,4,3,5,161,COMPLETE
21,-0.23341987964978195,2026-09-15 18:17:42.445781,2026-09-15 18:17:42.810275,0 days 00:00:00.364494,6,2,3,151,COMPLETE
22,-0.23341987964978195,2026-09-15 18:17:42.810275,2026-09-15 18:17:43.148117,0 days 00:00:00.337842,8,2,3,151,COMPLETE
23,-0.23401522980398318,2026-09-15 18:17:43.148117,2026-09-15 18:17:43.499959,0 days 00:00:00.351842,8,2,3,148,COMPLETE
24,-0.2335789205092984,2026-09-15 18:17:43.499959,2026-09-15 18:17:43.881567,0 days 00:00:00.381608,8,2,4,166,COMPLETE
25,-0.25190117574729465,2026-09-15 18:17:43.881567,2026-09-15 18:17:44.041683,0 days 00:00:00.160116,11,3,6,50,COMPLETE
26,-0.25341309245659643,2026-09-15 18:17:44.041683,2026-09-15 18:17:44.422536,0 days 00:00:00.380853,2,2,3,168,COMPLETE
27,-0.24937342404910337,2026-09-15 18:17:44.422536,2026-09-15 18:17:44.721502,0 days 00:00:00.298966,6,3,5,129,COMPLETE
28,-0.2446038940130364,2026-09-15 18:17:44.721502,2026-09-15 18:17:45.287491,0 days 00:00:00.565989,20,1,4,277,COMPLETE
29,-0.23926909447256253,2026-09-15 18:17:45.287491,2026-09-15 18:17:45.505383,0 days 00:00:00.217892,7,2,3,82,COMPLETE
30,-0.25529089377275865,2026-09-15 18:17:45.505383,2026-09-15 18:17:46.036999,0 days 00:00:00.531616,9,3,7,253,COMPLETE
31,-0.23358567600151603,2026-09-15 18:17:46.036999,2026-09-15 18:17:46.422633,0 days 00:00:00.385634,8,2,4,174,COMPLETE
32,-0.23331735557357927,2026-09-15 18:17:46.422633,2026-09-15 18:17:46.833751,0 days 00:00:00.411118,7,2,4,180,COMPLETE
33,-0.23578110578621714,2026-09-15 18:17:46.834755,2026-09-15 18:17:47.140919,0 days 00:00:00.306164,5,2,3,134,COMPLETE
34,-0.24503852409512472,2026-09-15 18:17:47.140919,2026-09-15 18:17:47.549620,0 days 00:00:00.408701,14,3,4,182,COMPLETE
35,-0.25771640784390704,2026-09-15 18:17:47.549620,2026-09-15 18:17:47.827957,0 days 00:00:00.278337,7,1,6,121,COMPLETE
36,-0.2647340726878607,2026-09-15 18:17:47.827957,2026-09-15 18:17:48.248352,0 days 00:00:00.420395,10,4,5,191,COMPLETE
37,-0.23571378025344436,2026-09-15 18:17:48.248352,2026-09-15 18:17:48.764138,0 days 00:00:00.515786,4,2,2,240,COMPLETE
38,-0.27458815185019286,2026-09-15 18:17:48.764138,2026-09-15 18:17:48.939415,0 days 00:00:00.175277,6,4,7,65,COMPLETE
39,-0.28998348666124324,2026-09-15 18:17:48.939415,2026-09-15 18:17:49.597864,0 days 00:00:00.658449,9,5,3,311,COMPLETE
40,-0.24588822920086958,2026-09-15 18:17:49.597864,2026-09-15 18:17:49.845877,0 days 00:00:00.248013,11,1,4,100,COMPLETE
41,-0.23395396337256855,2026-09-15 18:17:49.845877,2026-09-15 18:17:50.179023,0 days 00:00:00.333146,7,2,4,142,COMPLETE
42,-0.23864950543931354,2026-09-15 18:17:50.179023,2026-09-15 18:17:50.565577,0 days 00:00:00.386554,8,2,5,159,COMPLETE
43,-0.238642679331986,2026-09-15 18:17:50.565577,2026-09-15 18:17:50.860845,0 days 00:00:00.295268,6,2,3,112,COMPLETE
44,-0.24588606798252374,2026-09-15 18:17:50.860845,2026-09-15 18:17:51.302619,0 days 00:00:00.441774,9,3,2,195,COMPLETE
45,-0.28312884967833685,2026-09-15 18:17:51.302619,2026-09-15 18:17:51.640149,0 days 00:00:00.337530,3,2,10,149,COMPLETE
46,-0.2438468913672509,2026-09-15 18:17:51.640149,2026-09-15 18:17:51.862111,0 days 00:00:00.221962,7,1,4,96,COMPLETE
47,-0.23577133551764087,2026-09-15 18:17:51.862111,2026-09-15 18:17:52.488937,0 days 00:00:00.626826,5,2,2,303,COMPLETE
48,-0.26468112574435854,2026-09-15 18:17:52.488937,2026-09-15 18:17:52.995718,0 days 00:00:00.506781,14,3,8,231,COMPLETE
49,-0.24703834197242694,2026-09-15 18:17:52.995718,2026-09-15 18:17:53.762245,0 days 00:00:00.766527,10,1,4,373,COMPLETE
50,-0.2327973572969914,2026-09-15 18:17:53.763257,2026-09-15 18:17:54.171529,0 days 00:00:00.408272,8,2,3,181,COMPLETE
51,-0.23330748583286706,2026-09-15 18:17:54.171529,2026-09-15 18:17:54.576385,0 days 00:00:00.404856,8,2,3,183,COMPLETE
52,-0.23433770760462233,2026-09-15 18:17:54.576385,2026-09-15 18:17:55.003894,0 days 00:00:00.427509,6,2,3,195,COMPLETE
53,-0.233307485832867,2026-09-15 18:17:55.003894,2026-09-15 18:17:55.418379,0 days 00:00:00.414485,11,2,2,183,COMPLETE
54,-0.23517296192562043,2026-09-15 18:17:55.418379,2026-09-15 18:17:55.925245,0 days 00:00:00.506866,12,2,2,216,COMPLETE
55,-0.23685715428877777,2026-09-15 18:17:55.925245,2026-09-15 18:17:56.580321,0 days 00:00:00.655076,16,2,2,263,COMPLETE
56,-0.23854064787958654,2026-09-15 18:17:56.580321,2026-09-15 18:17:57.016452,0 days 00:00:00.436131,9,1,2,182,COMPLETE
57,-0.2355344007750746,2026-09-15 18:17:57.016452,2026-09-15 18:17:57.526744,0 days 00:00:00.510292,11,2,3,225,COMPLETE
58,-0.234849056331355,2026-09-15 18:17:57.526744,2026-09-15 18:17:58.003876,0 days 00:00:00.477132,13,2,2,203,COMPLETE
59,-0.2492543355850898,2026-09-15 18:17:58.003876,2026-09-15 18:17:58.305131,0 days 00:00:00.301255,4,3,3,124,COMPLETE
60,-0.24516680597922402,2026-09-15 18:17:58.305131,2026-09-15 18:17:58.719618,0 days 00:00:00.414487,5,3,3,176,COMPLETE
61,-0.2332554852013893,2026-09-15 18:17:58.719618,2026-09-15 18:17:59.095261,0 days 00:00:00.375643,8,2,3,152,COMPLETE
62,-0.2345537740715393,2026-09-15 18:17:59.095261,2026-09-15 18:17:59.412718,0 days 00:00:00.317457,7,2,3,139,COMPLETE
63,-0.23302177582721662,2026-09-15 18:17:59.412718,2026-09-15 18:17:59.784406,0 days 00:00:00.371688,8,2,2,156,COMPLETE
64,-0.2341282136148357,2026-09-15 18:17:59.784406,2026-09-15 18:18:00.183881,0 days 00:00:00.399475,10,2,2,163,COMPLETE
65,-0.23331002694246084,2026-09-15 18:18:00.183881,2026-09-15 18:18:00.603418,0 days 00:00:00.419537,8,2,2,184,COMPLETE
66,-0.23529896011019788,2026-09-15 18:18:00.603418,2026-09-15 18:18:01.092390,0 days 00:00:00.488972,9,2,2,206,COMPLETE
67,-0.2394223538273135,2026-09-15 18:18:01.092390,2026-09-15 18:18:01.510312,0 days 00:00:00.417922,8,1,2,188,COMPLETE
68,-0.2357603194202065,2026-09-15 18:18:01.510312,2026-09-15 18:18:02.006871,0 days 00:00:00.496559,10,2,2,234,COMPLETE
69,-0.23918660078329576,2026-09-15 18:18:02.006871,2026-09-15 18:18:02.257500,0 days 00:00:00.250629,17,2,2,117,COMPLETE
70,-0.27513657480687376,2026-09-15 18:18:02.257500,2026-09-15 18:18:02.798120,0 days 00:00:00.540620,8,3,9,263,COMPLETE
71,-0.2334070279328385,2026-09-15 18:18:02.798120,2026-09-15 18:18:03.208142,0 days 00:00:00.410022,7,2,3,171,COMPLETE
72,-0.23359011829919127,2026-09-15 18:18:03.208142,2026-09-15 18:18:03.581131,0 days 00:00:00.372989,12,2,3,158,COMPLETE
73,-0.235761693130733,2026-09-15 18:18:03.581131,2026-09-15 18:18:03.906937,0 days 00:00:00.325806,7,2,3,134,COMPLETE
74,-0.23548266843560575,2026-09-15 18:18:03.906937,2026-09-15 18:18:04.127630,0 days 00:00:00.220693,9,2,2,89,COMPLETE
75,-0.2336502389697593,2026-09-15 18:18:04.127630,2026-09-15 18:18:04.534524,0 days 00:00:00.406894,8,2,4,177,COMPLETE
76,-0.24199075372479348,2026-09-15 18:18:04.535561,2026-09-15 18:18:04.986671,0 days 00:00:00.451110,5,1,3,200,COMPLETE
77,-0.23325548520138928,2026-09-15 18:18:04.987677,2026-09-15 18:18:05.351878,0 days 00:00:00.364201,6,2,2,152,COMPLETE
78,-0.23809385308878586,2026-09-15 18:18:05.351878,2026-09-15 18:18:06.286651,0 days 00:00:00.934773,11,2,2,456,COMPLETE
79,-0.29219349653285054,2026-09-15 18:18:06.286651,2026-09-15 18:18:06.543061,0 days 00:00:00.256410,9,5,2,107,COMPLETE
80,-0.23435984891225561,2026-09-15 18:18:06.543061,2026-09-15 18:18:06.964317,0 days 00:00:00.421256,7,2,2,187,COMPLETE
81,-0.2332554852013893,2026-09-15 18:18:06.965320,2026-09-15 18:18:07.330953,0 days 00:00:00.365633,7,2,3,152,COMPLETE
82,-0.23360144483687426,2026-09-15 18:18:07.330953,2026-09-15 18:18:07.696677,0 days 00:00:00.365724,8,2,3,157,COMPLETE
83,-0.2352988929448138,2026-09-15 18:18:07.696677,2026-09-15 18:18:08.171354,0 days 00:00:00.474677,7,2,2,219,COMPLETE
84,-0.23355986890110034,2026-09-15 18:18:08.171354,2026-09-15 18:18:08.509863,0 days 00:00:00.338509,8,2,4,143,COMPLETE
85,-0.23368645695864623,2026-09-15 18:18:08.510870,2026-09-15 18:18:08.914825,0 days 00:00:00.403955,6,2,3,176,COMPLETE
86,-0.23813191263877073,2026-09-15 18:18:08.915829,2026-09-15 18:18:09.206941,0 days 00:00:00.291112,10,2,2,127,COMPLETE
87,-0.26515907180496384,2026-09-15 18:18:09.206941,2026-09-15 18:18:09.581996,0 days 00:00:00.375055,6,4,5,167,COMPLETE
88,-0.23499868081653466,2026-09-15 18:18:09.581996,2026-09-15 18:18:10.044014,0 days 00:00:00.462018,5,2,3,211,COMPLETE
89,-0.2436642852070705,2026-09-15 18:18:10.044014,2026-09-15 18:18:10.388217,0 days 00:00:00.344203,9,1,3,143,COMPLETE
90,-0.2332136359375432,2026-09-15 18:18:10.388217,2026-09-15 18:18:10.739247,0 days 00:00:00.351030,6,2,2,155,COMPLETE
91,-0.23329300380120688,2026-09-15 18:18:10.739247,2026-09-15 18:18:11.093499,0 days 00:00:00.354252,6,2,2,154,COMPLETE
92,-0.23331124446904714,2026-09-15 18:18:11.093499,2026-09-15 18:18:11.433485,0 days 00:00:00.339986,6,2,2,153,COMPLETE
93,-0.23576169313073303,2026-09-15 18:18:11.433485,2026-09-15 18:18:11.739475,0 days 00:00:00.305990,8,2,2,134,COMPLETE
94,-0.23414406754926773,2026-09-15 18:18:11.739475,2026-09-15 18:18:12.104467,0 days 00:00:00.364992,5,2,2,163,COMPLETE
95,-0.25072505023941666,2026-09-15 18:18:12.104937,2026-09-15 18:18:12.356102,0 days 00:00:00.251165,3,3,2,114,COMPLETE
96,-0.23359054952145986,2026-09-15 18:18:12.356102,2026-09-15 18:18:12.765619,0 days 00:00:00.409517,6,2,2,193,COMPLETE
97,-0.23341987964978195,2026-09-15 18:18:12.765619,2026-09-15 18:18:13.129494,0 days 00:00:00.363875,14,2,2,151,COMPLETE
98,-0.23746116407716925,2026-09-15 18:18:13.129494,2026-09-15 18:18:13.385340,0 days 00:00:00.255846,7,2,3,105,COMPLETE
99,-0.23318278356136826,2026-09-15 18:18:13.385340,2026-09-15 18:18:13.797092,0 days 00:00:00.411752,7,2,2,168,COMPLETE
